<?xml version="1.0" encoding="UTF-8" standalone="yes"?><!DOCTYPE report PUBLIC "-//JACOCO//DTD Report 1.1//EN" "report.dtd"><report name="connect4"><sessioninfo id="norbi-pc-b6390dc6" start="1590437507057" dump="1590437507745"/><sessioninfo id="norbi-pc-2e5b45f6" start="1590437518112" dump="1590437518733"/><sessioninfo id="norbi-pc-76019fd5" start="1590437925851" dump="1590437926493"/><sessioninfo id="norbi-pc-e8d94fe9" start="1590438925143" dump="1590438926008"/><sessioninfo id="norbi-pc-616158ad" start="1590438995254" dump="1590438996223"/></report>